<?xml version="1.0" encoding="UTF-8" ?>
<testsuite tests="1" failures="1" name="Curso.AutomationII.RunCuckesTest" time="39.547" errors="0" skipped="0">
  <properties>
[...]
</properties>
  <testcase classname="Curso.AutomationII.RunCuckesTest" name="feature" time="39.547">
    <failure message="java.lang.AssertionError: expected [true] but found [false]" type="cucumber.runtime.CucumberException">cucumber.runtime.CucumberException: java.lang.AssertionError: expected [true] but found [false]
	at cucumber.api.testng.TestNGCucumberRunner.runCucumber(TestNGCucumberRunner.java:69)
	at cucumber.api.testng.AbstractTestNGCucumberTests.feature(AbstractTestNGCucumberTests.java:21)
	at sun.reflect.NativeMethodAccessorImpl.invoke0(Native Method)
	at sun.reflect.NativeMethodAccessorImpl.invoke(NativeMethodAccessorImpl.java:62)
	at sun.reflect.DelegatingMethodAccessorImpl.invoke(DelegatingMethodAccessorImpl.java:43)
	at java.lang.reflect.Method.invoke(Method.java:498)
	at org.testng.internal.MethodInvocationHelper.invokeMethod(MethodInvocationHelper.java:124)
	at org.testng.internal.Invoker.invokeMethod(Invoker.java:571)
	at org.testng.internal.Invoker.invokeTestMethod(Invoker.java:707)
	at org.testng.internal.Invoker.invokeTestMethods(Invoker.java:979)
	at org.testng.internal.TestMethodWorker.invokeTestMethods(TestMethodWorker.java:125)
	at org.testng.internal.TestMethodWorker.run(TestMethodWorker.java:109)
	at org.testng.TestRunner.privateRun(TestRunner.java:648)
	at org.testng.TestRunner.run(TestRunner.java:505)
	at org.testng.SuiteRunner.runTest(SuiteRunner.java:455)
	at org.testng.SuiteRunner.runSequentially(SuiteRunner.java:450)
	at org.testng.SuiteRunner.privateRun(SuiteRunner.java:415)
	at org.testng.SuiteRunner.run(SuiteRunner.java:364)
	at org.testng.SuiteRunnerWorker.runSuite(SuiteRunnerWorker.java:52)
	at org.testng.SuiteRunnerWorker.run(SuiteRunnerWorker.java:84)
	at org.testng.TestNG.runSuitesSequentially(TestNG.java:1187)
	at org.testng.TestNG.runSuitesLocally(TestNG.java:1116)
	at org.testng.TestNG.runSuites(TestNG.java:1028)
	at org.testng.TestNG.run(TestNG.java:996)
	at org.apache.maven.surefire.testng.TestNGExecutor.run(TestNGExecutor.java:77)
	at org.apache.maven.surefire.testng.TestNGDirectoryTestSuite.execute(TestNGDirectoryTestSuite.java:110)
	at org.apache.maven.surefire.testng.TestNGProvider.invoke(TestNGProvider.java:106)
	at sun.reflect.NativeMethodAccessorImpl.invoke0(Native Method)
	at sun.reflect.NativeMethodAccessorImpl.invoke(NativeMethodAccessorImpl.java:62)
	at sun.reflect.DelegatingMethodAccessorImpl.invoke(DelegatingMethodAccessorImpl.java:43)
	at java.lang.reflect.Method.invoke(Method.java:498)
	at org.apache.maven.surefire.util.ReflectionUtils.invokeMethodWithArray(ReflectionUtils.java:189)
	at org.apache.maven.surefire.booter.ProviderFactory$ProviderProxy.invoke(ProviderFactory.java:165)
	at org.apache.maven.surefire.booter.ProviderFactory.invokeProvider(ProviderFactory.java:85)
	at org.apache.maven.surefire.booter.ForkedBooter.runSuitesInProcess(ForkedBooter.java:115)
	at org.apache.maven.surefire.booter.ForkedBooter.main(ForkedBooter.java:75)
Caused by: java.lang.AssertionError: expected [true] but found [false]
	at org.testng.Assert.fail(Assert.java:96)
	at org.testng.Assert.failNotEquals(Assert.java:776)
	at org.testng.Assert.assertTrue(Assert.java:44)
	at org.testng.Assert.assertTrue(Assert.java:54)
	at pageObjects.ReservationPage.verifyreservationPage(ReservationPage.java:21)
	at steps.LogOn.login_results_must_be(LogOn.java:29)
	at ✽.Then login result must be badLogin(src/test/java/features/tourism.feature:8)
Caused by: java.lang.AssertionError: expected [true] but found [false]
	at org.testng.Assert.fail(Assert.java:96)
	at org.testng.Assert.failNotEquals(Assert.java:776)
	at org.testng.Assert.assertTrue(Assert.java:44)
	at org.testng.Assert.assertTrue(Assert.java:54)
	at pageObjects.ReservationPage.verifyreservationPage(ReservationPage.java:21)
	at steps.LogOn.login_results_must_be(LogOn.java:29)
	at ✽.Then login result must be badLogin(src/test/java/features/tourism.feature:8)
</failure>
    <system-out>Configuring TestNG with: org.apache.maven.surefire.testng.conf.TestNG652Configurator@cac736f
Feature: Curso de automation

  Scenario Outline: Log in to the system &amp;#27;[90m# src/test/java/features/tourism.feature:3&amp;#27;[0m
    &amp;#27;[36mGiven &amp;#27;[0m&amp;#27;[36mI enter a username &lt;username&gt;&amp;#27;[0m
    &amp;#27;[36mAnd &amp;#27;[0m&amp;#27;[36mI enter a password &lt;password&gt;&amp;#27;[0m
    &amp;#27;[36mWhen &amp;#27;[0m&amp;#27;[36mI click  Sign-In button&amp;#27;[0m
    &amp;#27;[36mThen &amp;#27;[0m&amp;#27;[36mlogin result must be &lt;result&gt;&amp;#27;[0m

    Examples: 

  Scenario Outline: Log in to the system &amp;#27;[90m# src/test/java/features/tourism.feature:12&amp;#27;[0m
    &amp;#27;[32mGiven &amp;#27;[0m&amp;#27;[32mI enter a username &amp;#27;[0m&amp;#27;[32m&amp;#27;[1mpepe&amp;#27;[0m        &amp;#27;[90m# Tourism.I_enter_a_username(String)&amp;#27;[0m
    &amp;#27;[32mAnd &amp;#27;[0m&amp;#27;[32mI enter a password &amp;#27;[0m&amp;#27;[32m&amp;#27;[1mpepe&amp;#27;[0m          &amp;#27;[90m# Tourism.I_enter_a_password(String)&amp;#27;[0m
    &amp;#27;[32mWhen &amp;#27;[0m&amp;#27;[32mI click  Sign-In button&amp;#27;[0m         &amp;#27;[90m# Tourism.I_click_sign_in_button()&amp;#27;[0m
    &amp;#27;[31mThen &amp;#27;[0m&amp;#27;[31mlogin result must be &amp;#27;[0m&amp;#27;[31m&amp;#27;[1mbadLogin&amp;#27;[0m   &amp;#27;[90m# LogOn.login_results_must_be(String)&amp;#27;[0m
      &amp;#27;[31mjava.lang.AssertionError: expected [true] but found [false]
      	at org.testng.Assert.fail(Assert.java:96)
      	at org.testng.Assert.failNotEquals(Assert.java:776)
      	at org.testng.Assert.assertTrue(Assert.java:44)
      	at org.testng.Assert.assertTrue(Assert.java:54)
      	at pageObjects.ReservationPage.verifyreservationPage(ReservationPage.java:21)
      	at steps.LogOn.login_results_must_be(LogOn.java:29)
      	at ?.Then login result must be badLogin(src/test/java/features/tourism.feature:8)
      &amp;#27;[0m

  Scenario Outline: Log in to the system &amp;#27;[90m# src/test/java/features/tourism.feature:13&amp;#27;[0m
    &amp;#27;[32mGiven &amp;#27;[0m&amp;#27;[32mI enter a username &amp;#27;[0m&amp;#27;[32m&amp;#27;[1mmercury&amp;#27;[0m     &amp;#27;[90m# Tourism.I_enter_a_username(String)&amp;#27;[0m
    &amp;#27;[32mAnd &amp;#27;[0m&amp;#27;[32mI enter a password &amp;#27;[0m&amp;#27;[32m&amp;#27;[1mmercury&amp;#27;[0m       &amp;#27;[90m# Tourism.I_enter_a_password(String)&amp;#27;[0m
    &amp;#27;[32mWhen &amp;#27;[0m&amp;#27;[32mI click  Sign-In button&amp;#27;[0m         &amp;#27;[90m# Tourism.I_click_sign_in_button()&amp;#27;[0m
    &amp;#27;[32mThen &amp;#27;[0m&amp;#27;[32mlogin result must be &amp;#27;[0m&amp;#27;[32m&amp;#27;[1mgoodLogin&amp;#27;[0m  &amp;#27;[90m# LogOn.login_results_must_be(String)&amp;#27;[0m

  Scenario Outline: Register a new user in the site &amp;#27;[90m# src/test/java/features/tourism.feature:16&amp;#27;[0m
    &amp;#27;[36mGiven &amp;#27;[0m&amp;#27;[36mclick the REGISTER button&amp;#27;[0m
    &amp;#27;[36mAnd &amp;#27;[0m&amp;#27;[36mI enter a firstname &lt;firstname&gt;&amp;#27;[0m
    &amp;#27;[36mAnd &amp;#27;[0m&amp;#27;[36mI enter a lastname &lt;lastname&gt;&amp;#27;[0m
    &amp;#27;[36mAnd &amp;#27;[0m&amp;#27;[36mI enter a phone &lt;phone&gt;&amp;#27;[0m
    &amp;#27;[36mAnd &amp;#27;[0m&amp;#27;[36mI enter a email &lt;email&gt;&amp;#27;[0m
    &amp;#27;[36mAnd &amp;#27;[0m&amp;#27;[36mI enter a adress1 &lt;adress1&gt;&amp;#27;[0m
    &amp;#27;[36mAnd &amp;#27;[0m&amp;#27;[36mI enter a adress2 &lt;adress2&gt;&amp;#27;[0m
    &amp;#27;[36mAnd &amp;#27;[0m&amp;#27;[36mI enter a city &lt;city&gt;&amp;#27;[0m
    &amp;#27;[36mAnd &amp;#27;[0m&amp;#27;[36mI enter a state &lt;state&gt;&amp;#27;[0m
    &amp;#27;[36mAnd &amp;#27;[0m&amp;#27;[36mI enter a postalCode &lt;postalCode&gt;&amp;#27;[0m
    &amp;#27;[36mAnd &amp;#27;[0m&amp;#27;[36mI enter a country &lt;country&gt;&amp;#27;[0m
    &amp;#27;[36mAnd &amp;#27;[0m&amp;#27;[36mI enter a user &lt;user&gt;&amp;#27;[0m
    &amp;#27;[36mAnd &amp;#27;[0m&amp;#27;[36mI enter a password &lt;password&gt;&amp;#27;[0m
    &amp;#27;[36mAnd &amp;#27;[0m&amp;#27;[36mI enter a cPassword &lt;cPassword&gt;&amp;#27;[0m
    &amp;#27;[36mWhen &amp;#27;[0m&amp;#27;[36mI click SUBMIT button&amp;#27;[0m
    &amp;#27;[36mThen &amp;#27;[0m&amp;#27;[36mregister result must be &lt;result&gt;&amp;#27;[0m

    Examples: 

  Scenario Outline: Register a new user in the site &amp;#27;[90m# src/test/java/features/tourism.feature:37&amp;#27;[0m
    &amp;#27;[33mGiven &amp;#27;[0m&amp;#27;[33mclick the REGISTER button&amp;#27;[0m
    &amp;#27;[33mAnd &amp;#27;[0m&amp;#27;[33mI enter a firstname carlos&amp;#27;[0m
    &amp;#27;[33mAnd &amp;#27;[0m&amp;#27;[33mI enter a lastname perez&amp;#27;[0m
    &amp;#27;[33mAnd &amp;#27;[0m&amp;#27;[33mI enter a phone 42289758&amp;#27;[0m
    &amp;#27;[33mAnd &amp;#27;[0m&amp;#27;[33mI enter a email jg@gmail.com&amp;#27;[0m
    &amp;#27;[33mAnd &amp;#27;[0m&amp;#27;[33mI enter a adress1 Abalbin1&amp;#27;[0m
    &amp;#27;[33mAnd &amp;#27;[0m&amp;#27;[33mI enter a adress2 balbin2&amp;#27;[0m
    &amp;#27;[33mAnd &amp;#27;[0m&amp;#27;[33mI enter a city BsAs&amp;#27;[0m
    &amp;#27;[33mAnd &amp;#27;[0m&amp;#27;[33mI enter a state BsAs&amp;#27;[0m
    &amp;#27;[33mAnd &amp;#27;[0m&amp;#27;[33mI enter a postalCode 1888&amp;#27;[0m
    &amp;#27;[33mAnd &amp;#27;[0m&amp;#27;[33mI enter a country ARGENTINA&amp;#27;[0m
    &amp;#27;[33mAnd &amp;#27;[0m&amp;#27;[33mI enter a user pepe&amp;#27;[0m
    &amp;#27;[36mAnd &amp;#27;[0m&amp;#27;[36mI enter a password &amp;#27;[0m&amp;#27;[36m&amp;#27;[1mpeperoni&amp;#27;[0m                 &amp;#27;[90m# Tourism.I_enter_a_password(String)&amp;#27;[0m
    &amp;#27;[33mAnd &amp;#27;[0m&amp;#27;[33mI enter a cPassword peperoni&amp;#27;[0m
    &amp;#27;[33mWhen &amp;#27;[0m&amp;#27;[33mI click SUBMIT button&amp;#27;[0m
    &amp;#27;[33mThen &amp;#27;[0m&amp;#27;[33mregister result must be succes&amp;#27;[0m
</system-out>
    <system-err>Starting ChromeDriver 2.31.488763 (092de99f48a300323ecf8c2a4e2e7cab51de5ba8) on port 48797
Only local connections are allowed.
dic 21, 2017 2:32:31 PM org.openqa.selenium.remote.ProtocolHandshake createSession
INFORMACIÓN: Detected dialect: OSS
Starting ChromeDriver 2.31.488763 (092de99f48a300323ecf8c2a4e2e7cab51de5ba8) on port 48911
Only local connections are allowed.
dic 21, 2017 2:32:50 PM org.openqa.selenium.remote.ProtocolHandshake createSession
INFORMACIÓN: Detected dialect: OSS
Starting ChromeDriver 2.31.488763 (092de99f48a300323ecf8c2a4e2e7cab51de5ba8) on port 18304
Only local connections are allowed.
dic 21, 2017 2:33:00 PM org.openqa.selenium.remote.ProtocolHandshake createSession
INFORMACIÓN: Detected dialect: OSS
</system-err>
  </testcase>
</testsuite>