<?xml version="1.0" encoding="UTF-8"?>
<!-- Generated by org.testng.reporters.JUnitXMLReporter -->
<testsuite hostname="DESKTOP-73KEIQS" ignored="0" name="Command line test" tests="1" failures="1" timestamp="02 ene 2018 15:04:00 GMT" time="56.503" errors="0">
  <testcase name="feature" time="55.88" classname="cucumber.api.testng.AbstractTestNGCucumberTests">
    <failure type="cucumber.runtime.CucumberException" message="java.lang.IndexOutOfBoundsException: Index: 1, Size: 0">
      <![CDATA[cucumber.runtime.CucumberException: java.lang.IndexOutOfBoundsException: Index: 1, Size: 0at cucumber.api.testng.TestNGCucumberRunner.runCucumber(TestNGCucumberRunner.java:69)at cucumber.api.testng.AbstractTestNGCucumberTests.feature(AbstractTestNGCucumberTests.java:21)Caused by: java.lang.IndexOutOfBoundsException: Index: 1, Size: 0at java.util.ArrayList.rangeCheck(ArrayList.java:653)at java.util.ArrayList.get(ArrayList.java:429)at pageObjects.ReservationPage.iSelectFlightType(ReservationPage.java:44)at steps.Reserve.i_select_Flight_type(Reserve.java:36)at ✽.And I select Flight type One Way(src/test/java/features/tourism.feature:41)... Removed 34 stack frames]]>
    </failure>
  </testcase> <!-- feature -->
</testsuite> <!-- Command line test -->
