<?xml version="1.0" encoding="UTF-8"?>
<!-- Generated by org.testng.reporters.JUnitXMLReporter -->
<testsuite hostname="DESKTOP-73KEIQS" ignored="0" name="Command line test" tests="1" failures="1" timestamp="26 dic 2017 04:18:25 GMT" time="36.077" errors="0">
  <testcase name="feature" time="35.515" classname="cucumber.api.testng.AbstractTestNGCucumberTests">
    <failure type="cucumber.runtime.CucumberException" message="java.lang.AssertionError: expected [true] but found [false]">
      <![CDATA[cucumber.runtime.CucumberException: java.lang.AssertionError: expected [true] but found [false]at cucumber.api.testng.TestNGCucumberRunner.runCucumber(TestNGCucumberRunner.java:69)at cucumber.api.testng.AbstractTestNGCucumberTests.feature(AbstractTestNGCucumberTests.java:21)Caused by: java.lang.AssertionError: expected [true] but found [false]at pageObjects.ReservationPage.verifyreservationPage(ReservationPage.java:21)at steps.LogOn.login_results_must_be(LogOn.java:29)at ✽.Then login result must be badLogin(src/test/java/features/tourism.feature:8)... Removed 38 stack frames]]>
    </failure>
  </testcase> <!-- feature -->
</testsuite> <!-- Command line test -->
